===============================================================================
SMV2.LOG -- SMVGEAR II information

Switches in mglob.dat!
===============================================================================
 IFSOLVE   =            1
 ITESTGEAR =            0
 IFURBAN   =            1
 IFTROP    =            0
 IFSTRAT   =            0
 KULOOP    =          500
 LYOUT     =            1
 LXOUT     =            1
 LZOUT     =           15
 CHEMINTV  =    3600.00000000000     
 IPRATES   =            0
 IPREADER  =            1
 IOSPEC    =            1
 IOREAC    =            1
 APGASA    =               
 APGASB    =               
 APGASC    =               
 APGASD    =               
 APGASE    =               
 APGASF    =               
 APGASG    =               
 IFREORD   =            0
 FRACDEC   =   0.250000000000000     
 PLOURB    =    900.000000000000     
 PLOTROP   =    225.000000000000     
 ERRMAXU   =   0.100000000000000     
 YLOWU     =    1000000.00000000     
 YHIU      =    10000000.0000000     
 HMAXDAYU  =    900.000000000000     
 ERRMAXR   =   1.000000000000000E-003
 YLOWR     =    100000.000000000     
 YHIR      =    10000000.0000000     
 HMAXDAYR  =    900.000000000000     
 ERRMAXS   =   1.000000000000000E-003
 YLOWS     =    100000.000000000     
 YHIS      =    10000000.0000000     
 HMAXDAYS  =    900.000000000000     
 HMAXNIT   =    2000.00000000000     

Using U.C.I. Fast-J photolysis


===============================================================================
Families for prod or loss output:
===============================================================================

    POX     LOX     PCO     LCO

===============================================================================
SPECIES FOR THIS RUN.  PHYSICAL CONSTS AND BOUNDARY CONDITIONS ALSO GIVEN.
===============================================================================

NBR NAME            MW BKGAS(VMRAT)
  1 A3O2             1.00 1.00E-20
  2 ACET             1.00 1.00E-20
  3 ALD2             1.00 1.00E-20
  4 ALK4             1.00 1.00E-20
  5 ATO2             1.00 1.00E-20
  6 B3O2             1.00 1.00E-20
  7 C2H6             1.00 1.00E-20
  8 C3H8             1.00 1.00E-20
  9 CH2O             1.00 4.00E-15
 10 CO               1.00 1.00E-07
 11 DRYCH2O          1.00 0.00E+00
 12 DRYH2O2          1.00 0.00E+00
 13 DRYHNO3          1.00 0.00E+00
 14 DRYN2O5          1.00 0.00E+00
 15 DRYNO2           1.00 0.00E+00
 16 DRYO3            1.00 0.00E+00
 17 DRYPAN           1.00 0.00E+00
 18 DRYPMN           1.00 0.00E+00
 19 DRYPPN           1.00 0.00E+00
 20 DRYR4N2          1.00 0.00E+00
 21 ETO2             1.00 1.00E-20
 22 ETP              1.00 1.00E-20
 23 GCO3             1.00 1.00E-20
 24 GLYC             1.00 1.00E-20
 25 GP               1.00 1.00E-20
 26 GPAN             1.00 1.00E-20
 27 H2O2             1.00 4.00E-15
 28 HAC              1.00 1.00E-20
 29 HNO2             1.00 4.00E-15
 30 HNO3             1.00 4.00E-15
 31 HNO4             1.00 4.00E-15
 32 HO2              1.00 4.00E-15
 33 IALD             1.00 1.00E-20
 34 IAO2             1.00 1.00E-20
 35 IAP              1.00 1.00E-20
 36 INO2             1.00 1.00E-20
 37 INPN             1.00 1.00E-20
 38 ISN1             1.00 1.00E-20
 39 ISNP             1.00 1.00E-20
 40 ISOP             1.00 1.00E-20
 41 KO2              1.00 1.00E-20
 42 MACR             1.00 1.00E-20
 43 MAN2             1.00 1.00E-20
 44 MAO3             1.00 1.00E-20
 45 MAOP             1.00 1.00E-20
 46 MAP              1.00 1.00E-20
 47 MCO3             1.00 1.00E-20
 48 MEK              1.00 1.00E-20
 49 MGLY             1.00 1.00E-20
 50 MO2              1.00 4.00E-15
 51 MP               1.00 4.00E-15
 52 MRO2             1.00 1.00E-20
 53 MRP              1.00 1.00E-20
 54 MVK              1.00 1.00E-20
 55 MVN2             1.00 1.00E-20
 56 N2O5             1.00 4.00E-15
 57 NO               1.00 4.00E-13
 58 NO2              1.00 4.00E-13
 59 NO3              1.00 4.00E-15
 60 O3               1.00 2.00E-08
 61 OH               1.00 4.00E-15
 62 PAN              1.00 1.00E-20
 63 PMN              1.00 1.00E-20
 64 PO2              1.00 1.00E-20
 65 PP               1.00 1.00E-20
 66 PPN              1.00 1.00E-20
 67 PRN1             1.00 1.00E-20
 68 PRPE             1.00 1.00E-20
 69 PRPN             1.00 1.00E-20
 70 R4N1             1.00 1.00E-20
 71 R4N2             1.00 1.00E-20
 72 R4O2             1.00 1.00E-20
 73 R4P              1.00 1.00E-20
 74 RA3P             1.00 1.00E-20
 75 RB3P             1.00 1.00E-20
 76 RCHO             1.00 1.00E-20
 77 RCO3             1.00 1.00E-20
 78 RIO1             1.00 1.00E-20
 79 RIO2             1.00 1.00E-20
 80 RIP              1.00 1.00E-20
 81 RP               1.00 1.00E-20
 82 VRO2             1.00 1.00E-20
 83 VRP              1.00 1.00E-20
 84 DMS              1.00 1.00E-20
 85 SO2              1.00 1.00E-20
 86 SO4              1.00 1.00E-20
 87 MSA              1.00 1.00E-20
 88 POX              0.00 0.00E+00
 89 LOX              0.00 0.00E+00
 90 PCO              0.00 0.00E+00
 91 LCO              0.00 0.00E+00

INACTIVE SPECIES FOR THIS RUN ARE:

 ROH            RCOOH          O2CH2OH        O2            
 O              NH3            NH2            N2            
 MOH            MNO3           M              ISNO3         
 HCOOH          H2O            H2             H             
 GLYX           GLPAN          GLP            GLCO3         
 EOH            EMISSION       CH4            ACTA          

THE DEAD SPECIES FOR THIS RUN ARE:

 CO2            DRYDEP         N2O            O1D           
 LISOPOH       

===============================================================================
KINETIC REACTIONS FOR URBAN CHEMISTRY
RATE CONSTANTS HAVE FORM K = A * (300/T)**B * EXP(C/T).
===============================================================================

NMBR   A       B     C     Fv       REACTION
  1 3.0E-12 0.0E+00 -1500 .00 O3    +NO    +      =1.0NO2   +1.0O2    
  2 1.7E-12 0.0E+00  -940 .00 O3    +OH    +      =1.0HO2   +1.0O2    
  3 1.0E-14 0.0E+00  -490 .00 O3    +HO2   +      =1.0OH    +1.0O2    +1.0O2    
  4 1.2E-13 0.0E+00 -2450 .00 O3    +NO2   +      =1.0O2    +1.0NO3   
  5 2.9E-16 0.0E+00 -1000 .00 O3    +MO2   +      =1.0CH2O  +1.0HO2   +2.0O2    
  6 1.8E-12 0.0E+00     0 .00 OH    +OH    +      =1.0H2O   +1.0O3    
  7 6.9E-31 1.0E+00     0 .60 OH    +OH    +M     =1.0H2O2  
  8 2.6E-11 0.0E+00     0 .00       +      +      
  9 4.8E-11 0.0E+00   250 .00 OH    +HO2   +      =1.0H2O   +1.0O2    
 10 1.8E-12 0.0E+00     0 .00 OH    +H2O2  +      =1.0H2O   +1.0HO2   
 11 3.5E-12 0.0E+00   250 .00 HO2   +NO    +      =1.0OH    +1.0NO2   
 12 3.5E-13 0.0E+00   430 .00 HO2   +HO2   +      =1.0H2O2  
 13 1.7E-33 0.0E+00  1000 .00       +      +      
 14 2.8E-12 0.0E+00 -1800 .00 OH    +H2    +      =1.0H2O   +1.0HO2   
 15 1.5E-13 0.0E+00     0 .00 CO    +OH    +      =1.0HO2   
 16 2.4E-12 0.0E+00 -1775 .00 OH    +CH4   +      =1.0MO2   +1.0H2O   
 17 2.8E-12 0.0E+00   300 .00 MO2   +NO    +      =1.0CH2O  +1.0HO2   +1.0NO2   
 18 4.1E-13 0.0E+00   750 .00 MO2   +HO2   +      =1.0MP    +1.0O2    
 19 9.5E-14 0.0E+00   390 .00 MO2   +MO2   +      =1.0MOH   +1.0CH2O  +1.0O2    
 20 2.6E+01 0.0E+00 -1130 .00       +      +      
 21 9.5E-14 0.0E+00   390 .00 MO2   +MO2   +      =2.0CH2O  +2.0HO2   
 22 4.0E-02 0.0E+00  1130 .00       +      +      
 23 2.7E-12 0.0E+00   200 .00 MP    +OH    +      =1.0MO2   +1.0H2O   
 24 1.1E-12 0.0E+00   200 .00 MP    +OH    +      =1.0CH2O  +1.0OH    +1.0H2O   
 25 5.5E-12 0.0E+00   125 .00 CH2O  +OH    +      =1.0CO    +1.0HO2   +1.0H2O   
 26 1.8E-30 3.0E+00     0 .60 NO2   +OH    +M     =1.0HNO3  +1.0M     
 27 2.8E-11 0.0E+00     0 .00       +      +      
 28 2.4E-14 0.0E+00   460 .00 HNO3  +OH    +      =1.0H2O   +1.0NO3   
 29 2.7E-17 0.0E+00  2199 .00       +      +      
 30 6.5E-34 0.0E+00  1335 .00       +      +      
 31 7.0E-31 2.6E+00     0 .60 NO    +OH    +M     =1.0HNO2  +1.0M     
 32 3.6E-11 1.0E-01     0 .00       +      +      
 33 1.8E-11 0.0E+00  -390 .00 HNO2  +OH    +      =1.0H2O   +1.0NO2   
 34 2.0E-31 3.4E+00     0 .60 HO2   +NO2   +M     =1.0HNO4  +1.0M     
 35 2.9E-12 1.1E+00     0 .00       +      +      
 36 9.5E-05 3.2E+00-10900 .60 HNO4  +      +M     =1.0HO2   +1.0NO2   
 37 1.4E+15 1.4E+00-10900 .00       +      +      
 38 1.3E-12 0.0E+00   380 .00 HNO4  +OH    +      =1.0H2O   +1.0NO2   +1.0O2    
 39 3.5E-12 0.0E+00     0 .00 HO2   +NO3   +      =1.0OH    +1.0NO2   +1.0O2    
 40 1.5E-11 0.0E+00   170 .00 NO    +NO3   +      =2.0NO2   
 41 2.2E-11 0.0E+00     0 .00 OH    +NO3   +      =1.0HO2   +1.0NO2   
 42 2.0E-30 4.4E+00     0 .60 NO2   +NO3   +M     =1.0N2O5  +1.0M     
 43 1.4E-12 7.0E-01     0 .00       +      +      
 44 7.4E-04 4.4E+00-11000 .60 N2O5  +      +M     =1.0NO2   +1.0NO3   
 45 5.2E+14 7.0E-01-11000 .00       +      +      
 46 4.0E-13 0.0E+00     0 .00 HCOOH +OH    +      =1.0H2O   +0.0      +1.0HO2   
 47 2.9E-12 0.0E+00  -345 .00 MOH   +OH    +      =1.0HO2   +1.0CH2O  
 48 4.5E-14 0.0E+00 -1260 .00 NO2   +NO3   +      =1.0NO    +1.0NO2   +1.0O2    
 49 5.8E-16 0.0E+00     0 .00 NO3   +CH2O  +      =1.0HNO3  +1.0HO2   +1.0CO    
 50 4.4E-12 0.0E+00   365 .00 ALD2  +OH    +      =0.9MCO3  +0.1CH2O  +0.1CO    +0.0      +0.1HO2   
 51 1.4E-12 0.0E+00 -1900 .00 ALD2  +NO3   +      =1.0HNO3  +1.0MCO3  
 52 9.7E-29 5.6E+00     0 .60 MCO3  +NO2   +M     =1.0PAN   
 53 9.3E-12 1.5E+00     0 .00       +      +      
 54 9.3E-29 0.0E+00 14000 .00 PAN   +      +      =1.0MCO3  +1.0NO2   
 55 8.1E-12 0.0E+00   270 .00 MCO3  +NO    +      =1.0MO2   +1.0NO2   
 56 8.7E-12 0.0E+00 -1070 .00 C2H6  +OH    +      =1.0ETO2  +1.0H2O   
 57 2.6E-12 0.0E+00   365 .00 ETO2  +NO    +      =1.0ALD2  +1.0NO2   +1.0HO2   
 58 7.6E-12 0.0E+00  -585 .00 C3H8  +OH    +      =1.0B3O2  
 59 5.9E+00 6.4E-01  -816 .00       +      +      
 60 7.6E-12 0.0E+00  -585 .00 C3H8  +OH    +      =1.0A3O2  
 61 1.7E-01 *******   816 .00       +      +      
 62 2.9E-12 0.0E+00   350 .00 A3O2  +NO    +      =1.0NO2   +1.0HO2   +1.0RCHO  
 63 2.7E-12 0.0E+00   350 .00 PO2   +NO    +      =1.0NO2   +1.0HO2   +1.0CH2O  +1.0ALD2  
 64 9.1E-12 0.0E+00  -405 .00 ALK4  +OH    +      =1.0R4O2  
 65 2.7E-12 0.0E+00   350 .00 R4O2  +NO    +      =1.0NO2   +0.3ACET  +0.2MEK   +0.2MO2   +0.3HO2   +0.3ALD2  +0.1RCHO  +0.1A3O2  +0.2B3O2  +0.3ETO2  
 66 4.5E+00 0.0E+00     0 .00       +      +      
 67 2.7E-12 0.0E+00   350 .00 R4O2  +NO    +      =1.0R4N2  
 68 4.5E+00 0.0E+00     0 .00       +      +      
 69 2.7E-12 0.0E+00   350 .00 R4N1  +NO    +      =2.0NO2   +0.4CH2O  +0.8ALD2  +0.6RCHO  +0.3R4O2  
 70 2.8E-12 0.0E+00   300 .00 ATO2  +NO    +      =1.0NO2   +1.0CH2O  +1.0MCO3  +0.0R4N2  
 71 2.7E-12 0.0E+00   350 .00 KO2   +NO    +      =0.9NO2   +0.9ALD2  +0.9MCO3  +0.1R4N2  
 72 2.7E-12 0.0E+00   350 .00 RIO2  +NO    +      =0.9NO2   +0.9HO2   +0.3IALD  +0.3MVK   +0.2MACR  +0.6CH2O  
 73 2.7E-12 0.0E+00   350 .00 RIO2  +NO    +      =1.0HNO3  
 74 5.0E+00 0.0E+00     0 .00       +      +      
 75 2.7E-12 0.0E+00   350 .00 RIO1  +NO    +      =1.0NO2   +1.0IALD  +1.0HO2   +0.8CH2O  
 76 5.0E+00 0.0E+00     0 .00       +      +      
 77 2.7E-12 0.0E+00   350 .00 RIO1  +NO    +      =1.0HNO3  
 78 5.0E+00 0.0E+00     0 .00       +      +      
 79 2.7E-12 0.0E+00   350 .00 IAO2  +NO    +      =0.9HO2   +0.6CO    +0.2H2    +0.3HAC   +0.2GLYC  +0.5MGLY  +0.9NO2   +0.3CH2O  +0.1HNO3  
 80 2.7E-12 0.0E+00   350 .00 ISN1  +NO    +      =1.9NO2   +0.9GLYC  +0.9HAC   +0.1HNO3  +0.1NO2   +0.1HO2   
 81 2.7E-12 0.0E+00   350 .00 VRO2  +NO    +      =1.0NO2   +0.3HO2   +0.3CH2O  +0.7MCO3  +0.7GLYC  +0.3MGLY  
 82 4.0E+00 0.0E+00     0 .00       +      +      
 83 2.7E-12 0.0E+00   350 .00 VRO2  +NO    +      =1.0HNO3  
 84 4.0E+00 0.0E+00     0 .00       +      +      
 85 2.7E-12 0.0E+00   350 .00 MRO2  +NO    +      =1.0NO2   +1.0HO2   +1.0HAC   +1.0CH2O  
 86 4.0E+00 0.0E+00     0 .00       +      +      
 87 2.7E-12 0.0E+00   350 .00 MRO2  +NO    +      =1.0HNO3  
 88 4.0E+00 0.0E+00     0 .00       +      +      
 89 2.7E-12 0.0E+00   350 .00 MVN2  +NO    +      =1.9NO2   +0.3HO2   +0.3CH2O  +0.6MCO3  +0.6GLYC  +0.3MGLY  +0.1HNO3  
 90 2.7E-12 0.0E+00   350 .00 MAN2  +NO    +      =2.0NO2   +1.0CH2O  +1.0MGLY  
 91 2.7E-12 0.0E+00   350 .00 B3O2  +NO    +      =1.0NO2   +1.0HO2   +1.0ACET  
 92 2.7E-12 0.0E+00   350 .00 INO2  +NO    +      =1.1NO2   +0.8HO2   +0.8HNO3  +0.1NO2   +0.1MACR  +0.1CH2O  +0.1MVK   
 93 2.7E-12 0.0E+00   350 .00 PRN1  +NO    +      =2.0NO2   +1.0CH2O  +1.0ALD2  
 94 2.8E-12 0.0E+00 -3280 .00 ALK4  +NO3   +      =1.0HNO3  +1.0R4O2  
 95 1.6E-12 0.0E+00     0 .00 R4N2  +OH    +      =1.0R4N1  +1.0H2O   
 96 4.2E-14 0.0E+00   855 .00 ACTA  +OH    +      =1.0MO2   +0.0      +1.0H2O   
 97 6.0E-12 0.0E+00   410 .00 OH    +RCHO  +      =1.0RCO3  +1.0H2O   
 98 9.0E-28 8.9E+00     0 .60 RCO3  +NO2   +M     =1.0PPN   
 99 7.7E-12 2.0E-01     0 .00       +      +      
100 9.0E-29 0.0E+00 14000 .00 PPN   +      +      =1.0RCO3  +1.0NO2   
101 9.0E-28 8.9E+00     0 .60 GCO3  +NO2   +M     =1.0GPAN  
102 7.7E-12 2.0E-01     0 .00       +      +      
103 9.0E-29 0.0E+00 14000 .00 GPAN  +      +      =1.0GCO3  +1.0NO2   
104 9.0E-28 8.9E+00     0 .60 MAO3  +NO2   +M     =1.0PMN   
105 7.7E-12 2.0E-01     0 .00       +      +      
106 9.0E-29 0.0E+00 14000 .00 PMN   +      +      =1.0MAO3  +1.0NO2   
107 9.0E-28 8.9E+00     0 .60 GLCO3 +NO2   +M     =1.0GLPAN 
108 7.7E-12 2.0E-01     0 .00       +      +      
109 9.0E-29 0.0E+00 14000 .00 GLPAN +      +      =1.0GLCO3 +1.0NO2   
110 6.7E-12 0.0E+00   340 .00 RCO3  +NO    +      =1.0NO2   +1.0ETO2  
111 6.7E-12 0.0E+00   340 .00 GCO3  +NO    +      =1.0NO2   +1.0HO2   +1.0CH2O  
112 6.7E-12 0.0E+00   340 .00 MAO3  +NO    +      =1.0NO2   +1.0CH2O  +1.0MCO3  
113 8.1E-12 0.0E+00   270 .00 GLCO3 +NO    +      =1.0NO2   +1.0HO2   +1.0CO    
114 6.5E-15 0.0E+00     0 .00 RCHO  +NO3   +      =1.0HNO3  +1.0RCO3  
115 1.3E-13 0.0E+00     0 .00 ACET  +OH    +      =1.0ATO2  +1.0H2O   
116 3.8E-11 0.0E+00 -2000 .00 ACET  +OH    +      =1.0ATO2  +1.0H2O   
117 5.9E-13 0.0E+00     0 .00 A3O2  +MO2   +      =1.0HO2   +0.8CH2O  +0.8RCHO  +0.2MOH   +0.2ROH   
118 5.9E-13 0.0E+00     0 .00 PO2   +MO2   +      =1.0HO2   +0.5ALD2  +1.2CH2O  +0.2HAC   +0.1RCHO  +0.2MOH   +0.2ROH   
119 7.4E-13 0.0E+00   700 .00 R4O2  +HO2   +      =1.0R4P   
120 7.4E-13 0.0E+00   700 .00 R4N1  +HO2   +      =1.0R4N2  
121 8.6E-13 0.0E+00   700 .00 ATO2  +HO2   +      =1.0MCO3  +1.0MO2   
122 7.4E-13 0.0E+00   700 .00 KO2   +HO2   +      =1.0MO2   +1.0MGLY  
123 7.4E-13 0.0E+00   700 .00 RIO2  +HO2   +      =1.0RIP   
124 7.4E-13 0.0E+00   700 .00 RIO1  +HO2   +      =1.0RIP   
125 7.4E-13 0.0E+00   700 .00 IAO2  +HO2   +      =1.0IAP   
126 7.4E-13 0.0E+00   700 .00 ISN1  +HO2   +      =1.0ISNP  
127 7.4E-13 0.0E+00   700 .00 VRO2  +HO2   +      =1.0VRP   
128 7.4E-13 0.0E+00   700 .00 MRO2  +HO2   +      =1.0MRP   
129 7.4E-13 0.0E+00   700 .00 MVN2  +HO2   +      =1.0ISNP  
130 7.4E-13 0.0E+00   700 .00 MAN2  +HO2   +      =1.0ISNP  
131 7.4E-13 0.0E+00   700 .00 B3O2  +HO2   +      =1.0RB3P  
132 7.4E-13 0.0E+00   700 .00 INO2  +HO2   +      =1.0INPN  
133 7.4E-13 0.0E+00   700 .00 PRN1  +HO2   +      =1.0PRPN  
134 1.3E-12 0.0E+00   -25 .00 MEK   +OH    +      =1.0KO2   +1.0H2O   
135 3.0E-13 0.0E+00     0 .00 MO2   +ETO2  +      =0.8CH2O  +0.8ALD2  +1.0HO2   +0.2MOH   +0.2EOH   
136 8.0E-16 0.0E+00     0 .00 MEK   +NO3   +      =1.0HNO3  +1.0KO2   
137 8.4E-14 0.0E+00     0 .00 R4O2  +MO2   +      =0.2ACET  +0.1MEK   +0.1MO2   +0.1HO2   +0.2ALD2  +0.1RCHO  +0.0A3O2  +0.1B3O2  +0.2ETO2  +0.2MEK   +0.8CH2O  +0.2MOH   +0.2ROH   +0.5HO2   
138 8.4E-14 0.0E+00     0 .00 R4N1  +MO2   +      =1.0NO2   +0.2CH2O  +0.4ALD2  +0.3RCHO  +0.1R4O2  +0.2RCHO  +0.8CH2O  +0.2MOH   +0.2ROH   +0.5HO2   
139 7.5E-13 0.0E+00   500 .00 ATO2  +MO2   +      =0.3HO2   +0.3CH2O  +0.3MCO3  +0.2HAC   +0.2CH2O  +0.5MGLY  +0.5MOH   
140 8.4E-14 0.0E+00     0 .00 KO2   +MO2   +      =0.5ALD2  +0.5MCO3  +0.2MEK   +0.8CH2O  +0.2MOH   +0.2ROH   +0.5HO2   
141 8.4E-14 0.0E+00     0 .00 RIO2  +MO2   +      =0.4HO2   +0.3CH2O  +0.2MVK   +0.1MACR  +0.1RIO1  +0.1IALD  +0.2MEK   +0.8CH2O  +0.2MOH   +0.2ROH   +0.5HO2   
142 8.4E-14 0.0E+00     0 .00 RIO1  +MO2   +      =0.5IALD  +0.5HO2   +0.4CH2O  +0.2MEK   +0.8CH2O  +0.2MOH   +0.2ROH   +0.5HO2   
143 8.4E-14 0.0E+00     0 .00 IAO2  +MO2   +      =0.5HO2   +0.3CO    +0.1H2    +0.2HAC   +0.1GLYC  +0.3MGLY  +0.2MEK   +0.9CH2O  +0.2MOH   +0.2ROH   +0.5HO2   
144 8.4E-14 0.0E+00     0 .00 ISN1  +MO2   +      =1.0NO2   +0.5GLYC  +0.5HAC   +0.2RCHO  +0.8CH2O  +0.2MOH   +0.2ROH   +0.5HO2   
145 8.4E-14 0.0E+00     0 .00 VRO2  +MO2   +      =0.1HO2   +0.1CH2O  +0.4MCO3  +0.4GLYC  +0.1MGLY  +0.2MEK   +0.8CH2O  +0.2MOH   +0.2ROH   +0.5HO2   
146 8.4E-14 0.0E+00     0 .00 MRO2  +MO2   +      =1.0HAC   +0.8CH2O  +1.1HO2   +0.1CO    
147 8.4E-14 0.0E+00     0 .00 MVN2  +MO2   +      =1.0NO2   +0.5CH2O  +0.2MCO3  +0.2MGLY  +0.2HO2   +0.2RCHO  +0.8CH2O  +0.2MOH   +0.2ROH   +0.5HO2   
148 8.4E-14 0.0E+00     0 .00 MAN2  +MO2   +      =1.0NO2   +0.5CH2O  +0.5MGLY  +0.2RCHO  +0.8CH2O  +0.2MOH   +0.2ROH   +0.5HO2   
149 8.4E-14 0.0E+00     0 .00 B3O2  +MO2   +      =0.5HO2   +0.5ACET  +0.2ACET  +0.8CH2O  +0.2MOH   +0.2ROH   +0.5HO2   
150 8.4E-14 0.0E+00     0 .00 INO2  +MO2   +      =0.6NO2   +0.4HO2   +0.4HNO3  +0.0NO2   +0.1MACR  +0.1CH2O  +0.0MVK   +0.2RCHO  +0.8CH2O  +0.2MOH   +0.2ROH   +0.1HO2   
151 8.4E-14 0.0E+00     0 .00 PRN1  +MO2   +      =1.0NO2   +0.5CH2O  +0.5ALD2  +0.2RCHO  +0.8CH2O  +0.2MOH   +0.2ROH   +0.5HO2   
152 6.9E-12 0.0E+00  -230 .00 EOH   +OH    +      =1.0HO2   +1.0ALD2  
153 4.6E-12 0.0E+00    70 .00 ROH   +OH    +      =1.0HO2   +1.0RCHO  
154 4.1E-14 0.0E+00     0 .00 ETO2  +ETO2  +      =2.0ALD2  +2.0HO2   
155 2.7E-14 0.0E+00     0 .00 ETO2  +ETO2  +      =1.0EOH   +1.0ALD2  
156 7.4E-13 0.0E+00   700 .00 HO2   +ETO2  +      =1.0ETP   
157 7.4E-13 0.0E+00   700 .00 A3O2  +HO2   +      =1.0RA3P  
158 7.4E-13 0.0E+00   700 .00 PO2   +HO2   +      =1.0PP    
159 5.2E-13 0.0E+00   980 .00 HO2   +MCO3  +      =0.1ACTA  +0.1O3    +0.4OH    +0.4MO2   +0.4MAP   
160 4.3E-13 0.0E+00  1040 .00 RCO3  +HO2   +      =0.3RCOOH +0.3O3    +0.7RP    
161 4.3E-13 0.0E+00  1040 .00 GCO3  +HO2   +      =0.3CH2O  +0.3O3    +0.7GP    
162 4.3E-13 0.0E+00  1040 .00 MAO3  +HO2   +      =0.3RCOOH +0.3O3    +0.7MAOP  
163 4.3E-13 0.0E+00  1040 .00 GLCO3 +HO2   +      =0.3RCOOH +0.3O3    +0.7GLP   
164 8.0E-27 3.5E+00     0 .50 PRPE  +OH    +M     =1.0PO2   
165 3.0E-11 1.0E+00     0 .00       +      +      
166 5.5E-15 0.0E+00 -1880 .00 PRPE  +O3    +      =0.5CH2O  +0.5ALD2  +0.4CO    +0.3HO2   +0.1OH    +0.1H2    +0.3MO2   
167 3.2E-11 0.0E+00     0 .00 PMN   +OH    +      =1.0NO2   +0.6HAC   +2.0HO2   +2.2CH2O  
168 8.2E-18 0.0E+00     0 .00 PMN   +O3    +      =1.0NO2   +0.6CH2O  +1.0HO2   
169 1.0E-11 0.0E+00     0 .00 GLYC  +OH    +      =0.8GCO3  +0.4CO    +0.2H2    +0.2HO2   
170 4.6E-13 0.0E+00 -1156 .00 PRPE  +NO3   +      =1.0PRN1  
171 1.1E-11 0.0E+00     0 .00 GLYX  +OH    +      =1.0HO2   +2.0CO    
172 1.5E-11 0.0E+00     0 .00 MGLY  +OH    +      =1.0MCO3  +1.0CO    
173 1.4E-12 0.0E+00 -1860 .00 GLYX  +NO3   +      =1.0HNO3  +1.0HO2   +2.0CO    
174 1.4E-12 0.0E+00 -1860 .00 MGLY  +NO3   +      =1.0HNO3  +1.0CO    +1.0MCO3  
175 2.7E-11 0.0E+00   390 .00 ISOP  +OH    +      =1.0RIO2  
176 2.6E-12 0.0E+00   610 .00 MVK   +OH    +      =1.0VRO2  
177 8.0E-12 0.0E+00   380 .00 MACR  +OH    +      =0.6MAO3  +0.4MRO2  
178 3.0E-12 0.0E+00     0 .00 HAC   +OH    +      =1.0MGLY  +1.0HO2   
179 1.7E-12 0.0E+00   500 .00 MCO3  +A3O2  +      =1.0MO2   +1.0RCHO  +1.0HO2   
180 1.7E-12 0.0E+00   500 .00 MCO3  +PO2   +      =1.0MO2   +1.0ALD2  +1.0CH2O  +1.0HO2   
181 1.9E-13 0.0E+00   500 .00 MCO3  +A3O2  +      =1.0ACTA  +1.0RCHO  
182 1.9E-13 0.0E+00   500 .00 MCO3  +PO2   +      =1.0ACTA  +0.3RCHO  +0.7HAC   
183 1.0E-14 0.0E+00 -2000 .00 ISOP  +O3    +      =0.4MACR  +0.2MVK   +0.1O3    +0.3OH    +0.1PRPE  +0.9CH2O  +0.1HO2   +0.0      +0.1CO    
184 8.5E-16 0.0E+00 -1520 .00 MVK   +O3    +      =0.8MGLY  +0.8CH2O  +0.2O3    +0.1CO    +0.1HO2   +0.0ALD2  +0.1OH    
185 1.4E-15 0.0E+00 -2100 .00 MACR  +O3    +      =0.8MGLY  +0.7CH2O  +0.2O3    +0.2CO    +0.3HO2   +0.2OH    
186 3.2E-12 0.0E+00  -450 .00 ISOP  +NO3   +      =1.0INO2  
187 2.3E-15 0.0E+00     0 .00 MACR  +NO3   +      =1.0MAN2  
188 1.1E-15 0.0E+00     0 .00 MACR  +NO3   +      =1.0MAO3  +1.0HNO3  
189 1.7E-12 0.0E+00   500 .00 RCO3  +MO2   +      =1.0CH2O  +1.0HO2   +1.0ETO2  
190 1.7E-12 0.0E+00   500 .00 GCO3  +MO2   +      =2.0CH2O  +2.0HO2   
191 1.7E-12 0.0E+00   500 .00 MAO3  +MO2   +      =1.0CH2O  +1.0HO2   +1.0CH2O  +1.0MCO3  
192 1.7E-12 0.0E+00   500 .00 GLCO3 +MO2   +      =1.0CH2O  +2.0HO2   +1.0CO    
193 1.9E-13 0.0E+00   500 .00 RCO3  +MO2   +      =1.0RCOOH +1.0CH2O  
194 1.9E-13 0.0E+00   500 .00 GCO3  +MO2   +      =1.0RCOOH +1.0CH2O  
195 1.9E-13 0.0E+00   500 .00 MAO3  +MO2   +      =1.0RCOOH +1.0CH2O  
196 1.9E-13 0.0E+00   500 .00 GLCO3 +MO2   +      =1.0RCOOH +1.0CH2O  
197 3.8E-12 0.0E+00   200 .00 INPN  +OH    +      =1.0INO2  
198 3.8E-12 0.0E+00   200 .00 PRPN  +OH    +      =1.0PRN1  
199 3.8E-12 0.0E+00   200 .00 ETP   +OH    +      =0.5OH    +0.5ETO2  +0.5ALD2  
200 3.8E-12 0.0E+00   200 .00 RA3P  +OH    +      =0.5OH    +0.5A3O2  +0.5RCHO  
201 3.8E-12 0.0E+00   200 .00 RB3P  +OH    +      =0.5OH    +0.5B3O2  +0.5ACET  
202 3.8E-12 0.0E+00   200 .00 R4P   +OH    +      =0.5OH    +0.5R4O2  +0.5RCHO  
203 3.8E-12 0.0E+00   200 .00 RP    +OH    +      =0.5OH    +0.5RCO3  +0.5ALD2  
204 3.8E-12 0.0E+00   200 .00 PP    +OH    +      =1.0PO2   
205 3.8E-12 0.0E+00   200 .00 GP    +OH    +      =1.0GCO3  
206 3.8E-12 0.0E+00   200 .00 GLP   +OH    +      =0.5OH    +0.5GLCO3 +0.5CO    
207 3.8E-12 0.0E+00   200 .00 RIP   +OH    +      =0.5IALD  +0.5OH    +0.5RIO2  
208 3.8E-12 0.0E+00   200 .00 IAP   +OH    +      =1.0IAO2  
209 3.8E-12 0.0E+00   200 .00 ISNP  +OH    +      =0.5OH    +0.5RCHO  +0.5NO2   +0.5ISN1  
210 3.8E-12 0.0E+00   200 .00 VRP   +OH    +      =0.5OH    +0.5RCHO  +0.5VRO2  
211 3.8E-12 0.0E+00   200 .00 MRP   +OH    +      =1.0MRO2  
212 3.8E-12 0.0E+00   200 .00 MAOP  +OH    +      =1.0MAO3  
213 3.8E-12 0.0E+00   200 .00 OH    +MAP   +      =0.5OH    +0.5CH2O  +0.5MCO3  
214 1.4E-18 0.0E+00     0 .00 C2H6  +NO3   +      =1.0ETO2  +1.0HNO3  
215 8.0E-13 0.0E+00  -100 .00 MNO3  +OH    +      =1.0CH2O  +1.0NO2   
216 3.7E-11 0.0E+00     0 .00 IALD  +OH    +      =0.4IAO2  +0.4MAO3  +0.1HO2   
217 6.2E-15 0.0E+00 -1814 .00 IALD  +O3    +      =0.6MGLY  +0.1OH    +0.1CH2O  +0.3GLYC  +0.3O3    +0.4CO    +0.2H2    +0.2HAC   +0.2HCOOH 
218 2.5E-12 0.0E+00   500 .00 MCO3  +MCO3  +      =2.0MO2   
219 1.8E-12 0.0E+00   500 .00 MCO3  +MO2   +      =1.0CH2O  +1.0MO2   +1.0HO2   
220 2.0E-13 0.0E+00   500 .00 MCO3  +MO2   +      =1.0ACTA  +1.0CH2O  
221 1.7E-12 0.0E+00   500 .00 R4O2  +MCO3  +      =1.0MO2   +0.3ACET  +0.2MEK   +0.2MO2   +0.3HO2   +0.3ALD2  +0.1RCHO  +0.1A3O2  +0.2B3O2  +0.3ETO2  
222 1.7E-12 0.0E+00   500 .00 ATO2  +MCO3  +      =1.0MO2   +0.8HO2   +0.2CH2O  +0.2MCO3  +0.8MGLY  
223 1.7E-12 0.0E+00   500 .00 KO2   +MCO3  +      =1.0MO2   +1.0ALD2  +1.0MCO3  
224 1.7E-12 0.0E+00   500 .00 RIO2  +MCO3  +      =1.0MO2   +0.9HO2   +0.7CH2O  +0.4MVK   +0.3MACR  +0.1RIO1  +0.1IALD  
225 1.7E-12 0.0E+00   500 .00 RIO1  +MCO3  +      =1.0MO2   +1.0IALD  +1.0HO2   +0.8CH2O  
226 1.7E-12 0.0E+00   500 .00 IAO2  +MCO3  +      =1.0MO2   +1.0HO2   +0.7CO    +0.2H2    +0.4HAC   +0.3GLYC  +0.6MGLY  +0.4CH2O  
227 1.7E-12 0.0E+00   500 .00 ISN1  +MCO3  +      =1.0MO2   +1.0NO2   +1.0GLYC  +1.0HAC   
228 1.7E-12 0.0E+00   500 .00 VRO2  +MCO3  +      =1.0MO2   +0.3HO2   +0.3CH2O  +0.7MCO3  +0.7GLYC  +0.3MGLY  
229 1.7E-12 0.0E+00   500 .00 MRO2  +MCO3  +      =1.0MO2   +1.0HO2   +0.2MGLY  +0.8HAC   +0.8CO    +0.2CH2O  
230 1.7E-12 0.0E+00   500 .00 B3O2  +MCO3  +      =1.0MO2   +1.0HO2   +1.0ACET  
231 1.7E-12 0.0E+00   500 .00 R4N1  +MCO3  +      =1.0MO2   +1.0NO2   +0.4CH2O  +0.8ALD2  +0.6RCHO  +0.3R4O2  
232 1.7E-12 0.0E+00   500 .00 MVN2  +MCO3  +      =1.0MO2   +1.0NO2   +1.0CH2O  +0.5MCO3  +0.5MGLY  +0.5HO2   
233 1.7E-12 0.0E+00   500 .00 MAN2  +MCO3  +      =1.0MO2   +1.0NO2   +1.0CH2O  +1.0MGLY  
234 1.7E-12 0.0E+00   500 .00 INO2  +MCO3  +      =1.0MO2   +0.1NO2   +0.8HO2   +0.8HNO3  +0.1NO2   +0.1MACR  +0.1CH2O  +0.1MVK   
235 1.7E-12 0.0E+00   500 .00 PRN1  +MCO3  +      =1.0MO2   +1.0NO2   +1.0CH2O  +1.0ALD2  
236 1.9E-13 0.0E+00   500 .00 R4O2  +MCO3  +      =1.0MEK   +1.0ACTA  
237 1.9E-13 0.0E+00   500 .00 ATO2  +MCO3  +      =1.0MEK   +1.0ACTA  
238 1.9E-13 0.0E+00   500 .00 KO2   +MCO3  +      =1.0MEK   +1.0ACTA  
239 1.9E-13 0.0E+00   500 .00 RIO2  +MCO3  +      =1.0MEK   +1.0ACTA  
240 1.9E-13 0.0E+00   500 .00 RIO1  +MCO3  +      =1.0MEK   +1.0ACTA  
241 1.9E-13 0.0E+00   500 .00 IAO2  +MCO3  +      =1.0MEK   +1.0ACTA  
242 1.9E-13 0.0E+00   500 .00 VRO2  +MCO3  +      =1.0MEK   +1.0ACTA  
243 1.9E-13 0.0E+00   500 .00 MRO2  +MCO3  +      =1.0MEK   +1.0ACTA  
244 1.9E-13 0.0E+00   500 .00 R4N1  +MCO3  +      =1.0RCHO  +1.0ACTA  +1.0NO2   
245 1.9E-13 0.0E+00   500 .00 ISN1  +MCO3  +      =1.0RCHO  +1.0ACTA  +1.0NO2   
246 1.9E-13 0.0E+00   500 .00 MVN2  +MCO3  +      =1.0RCHO  +1.0ACTA  +1.0NO2   
247 1.9E-13 0.0E+00   500 .00 MAN2  +MCO3  +      =1.0RCHO  +1.0ACTA  +1.0NO2   
248 1.9E-13 0.0E+00   500 .00 INO2  +MCO3  +      =1.0RCHO  +1.0ACTA  +1.0NO2   
249 1.9E-13 0.0E+00   500 .00 PRN1  +MCO3  +      =1.0RCHO  +1.0ACTA  +1.0NO2   
250 1.9E-13 0.0E+00   500 .00 B3O2  +MCO3  +      =1.0ACET  +1.0ACTA  
251 1.7E-12 0.0E+00   500 .00 MCO3  +ETO2  +      =1.0MO2   +1.0ALD2  +1.0HO2   
252 1.9E-13 0.0E+00   500 .00 MCO3  +ETO2  +      =1.0ACTA  +1.0ALD2  
253 2.5E-12 0.0E+00   500 .00 RCO3  +MCO3  +      =1.0MO2   +1.0ETO2  
254 2.5E-12 0.0E+00   500 .00 GCO3  +MCO3  +      =1.0MO2   +1.0HO2   +1.0CH2O  
255 2.5E-12 0.0E+00   500 .00 MAO3  +MCO3  +      =1.0MO2   +1.0CH2O  +1.0MCO3  
256 2.5E-12 0.0E+00   500 .00 GLCO3 +MCO3  +      =1.0MO2   +1.0HO2   +1.0CO    
257 8.5E-13 0.0E+00 -2450 .00 NO3   +NO3   +      =2.0NO2   +1.0O2    
258 0.0E+00 0.0E+00     0 .00 EMISSI+      +      =1.0NO    
259 0.0E+00 0.0E+00     0 .00 EMISSI+      +      =1.0NO2   
260 0.0E+00 0.0E+00     0 .00 EMISSI+      +      =1.0CO    
261 0.0E+00 0.0E+00     0 .00 EMISSI+      +      =1.0ALK4  
262 0.0E+00 0.0E+00     0 .00 EMISSI+      +      =1.0ISOP  
263 0.0E+00 0.0E+00     0 .00 EMISSI+      +      =1.0ACET  
264 0.0E+00 0.0E+00     0 .00 EMISSI+      +      =1.0PRPE  
265 0.0E+00 0.0E+00     0 .00 EMISSI+      +      =1.0C3H8  
266 0.0E+00 0.0E+00     0 .00 EMISSI+      +      =1.0C2H6  
267 0.0E+00 0.0E+00     0 .00 EMISSI+      +      =1.0MEK   
268 0.0E+00 0.0E+00     0 .00 EMISSI+      +      =1.0ALD2  
269 0.0E+00 0.0E+00     0 .00 EMISSI+      +      =1.0CH2O  
270 0.0E+00 0.0E+00     0 .00 EMISSI+      +      =1.0O3    
271 0.0E+00 0.0E+00     0 .00 EMISSI+      +      =1.0HNO3  
272 0.0E+00 0.0E+00     0 .00 NO2   +      +      =0.0      +1.0DRYNO2
273 0.0E+00 0.0E+00     0 .00 O3    +      +      =0.0      +1.0DRYO3 
274 0.0E+00 0.0E+00     0 .00 PAN   +      +      =0.0      +1.0DRYPAN
275 0.0E+00 0.0E+00     0 .00 HNO3  +      +      =0.0      +1.0DRYHNO
276 0.0E+00 0.0E+00     0 .00 CH2O  +      +      =0.0      +1.0DRYCH2
277 0.0E+00 0.0E+00     0 .00 N2O5  +      +      =0.0      +1.0DRYN2O
278 0.0E+00 0.0E+00     0 .00 H2O2  +      +      =0.0      +1.0DRYH2O
279 0.0E+00 0.0E+00     0 .00 PMN   +      +      =0.0      +1.0DRYPMN
280 0.0E+00 0.0E+00     0 .00 PPN   +      +      =0.0      +1.0DRYPPN
281 0.0E+00 0.0E+00     0 .00 R4N2  +      +      =0.0      +1.0DRYR4N
282 3.3E+01 2.0E-01     0 .00 HO2   +      +      =0.5H2O2  
283 4.6E+01 1.0E-04     0 .00 NO2   +      +      =0.5HNO3  +0.5HNO2  
284 6.2E+01 1.0E-03     0 .00 NO3   +      +      =1.0HNO3  
285 1.1E+02 1.0E-01     0 .00 N2O5  +      +      =2.0HNO3  
286 1.1E-11 0.0E+00  -240 .00 DMS   +OH    +      =1.0SO2   +1.0MO2   +1.0CH2O  
287 1.0E-39 0.0E+00  5820 .00 DMS   +OH    +O2    =0.8SO2   +0.2MSA   +1.0MO2   
288 5.0E-30 0.0E+00  6280 .00       +      +      
289 1.9E-13 0.0E+00   500 .00 DMS   +NO3   +      =1.0SO2   +1.0HNO3  +1.0MO2   +1.0CH2O  
290 3.3E-31 4.3E+00     0 .60 SO2   +OH    +M     =1.0SO4   +1.0HO2   
291 1.6E-12 0.0E+00     0 .00       +      +      

===============================================================================
PHOTOPROCESS REACTIONS FOR URBAN CHEMISTRY
===============================================================================

NMBR   DEFP (S-1)                        REACTION
292 3.6E+01 0.0E+00     0 .00 O3    +      +      =1.0OH    +1.0OH    
293 3.5E+01 0.0E+00     0 .00 NO2   +      +      =1.0NO    +1.0O3    
294 3.8E+01 0.0E+00     0 .00 H2O2  +      +      =1.0OH    +1.0OH    
295 3.0E+01 0.0E+00     0 .00 MP    +      +      =1.0CH2O  +1.0HO2   +1.0OH    
296 4.0E+01 0.0E+00     0 .00 CH2O  +      +      =1.0HO2   +1.0HO2   +1.0CO    
297 4.0E+01 0.0E+00     0 .00 CH2O  +      +      =1.0H2    +1.0CO    
298 4.3E+01 0.0E+00     0 .00 HNO3  +      +      =1.0OH    +1.0NO2   
299 3.0E+01 0.0E+00     0 .00 HNO2  +      +      =1.0OH    +1.0NO    
300 3.0E+01 0.0E+00     0 .00 HNO4  +      +      =1.0OH    +1.0NO3   
301 3.7E+01 0.0E+00     0 .00 NO3   +      +      =1.0NO2   +1.0O3    
302 3.7E+01 0.0E+00     0 .00 NO3   +      +      =1.0NO    +1.0O2    
303 3.4E+01 0.0E+00     0 .00 N2O5  +      +      =1.0NO3   +1.0NO2   
304 3.4E+01 0.0E+00     0 .00 N2O5  +      +      =1.0NO3   +1.0NO    +1.0O3    
305 3.0E+01 0.0E+00     0 .00 HNO4  +      +      =1.0HO2   +1.0NO2   
306 3.0E+01 0.0E+00     0 .00 ALD2  +      +      =1.0MO2   +1.0HO2   +1.0CO    
307 3.0E+01 0.0E+00     0 .00 ALD2  +      +      =1.0CH4   +1.0CO    
308 4.1E+01 0.0E+00     0 .00 PAN   +      +      =0.6MCO3  +0.6NO2   +0.4MO2   +0.4NO3   
309 3.0E+01 0.0E+00     0 .00 RCHO  +      +      =1.0ETO2  +1.0HO2   +1.0CO    
310 3.0E+01 0.0E+00     0 .00 ACET  +      +      =1.0MCO3  +1.0MO2   
311 3.0E+01 0.0E+00     0 .00 ACET  +      +      =2.0MO2   +1.0CO    
312 3.0E+01 0.0E+00     0 .00 MEK   +      +      =0.8MCO3  +0.8ETO2  +0.1MO2   +0.1RCO3  
313 3.0E+01 0.0E+00     0 .00 MNO3  +      +      =1.0CH2O  +1.0H2O   +1.0NO2   
314 3.0E+01 0.0E+00     0 .00 GLYC  +      +      =1.0CH2O  +2.0HO2   +1.0CO    
315 3.0E+01 0.0E+00     0 .00 GLYX  +      +      =0.5H2    +1.0CO    +0.5CH2O  +0.5CO    
316 3.0E+01 0.0E+00     0 .00 GLYX  +      +      =2.0CO    +2.0HO2   
317 3.0E+01 0.0E+00     0 .00 MGLY  +      +      =1.0MCO3  +1.0CO    +1.0HO2   
318 3.0E+01 0.0E+00     0 .00 MGLY  +      +      =1.0ALD2  +1.0CO    
319 3.0E+01 0.0E+00     0 .00 MVK   +      +      =1.0PRPE  +1.0CO    
320 3.0E+01 0.0E+00     0 .00 MVK   +      +      =1.0MCO3  +1.0CH2O  +1.0CO    +1.0HO2   
321 3.0E+01 0.0E+00     0 .00 MVK   +      +      =1.0MO2   +1.0MAO3  
322 3.0E+01 0.0E+00     0 .00 MACR  +      +      =1.0MAO3  +1.0HO2   
323 3.0E+01 0.0E+00     0 .00 MACR  +      +      =1.0CO    +1.0HO2   +1.0CH2O  +1.0MCO3  
324 2.6E+01 0.0E+00     0 .00 HAC   +      +      =1.0MCO3  +1.0CH2O  +1.0HO2   
325 2.4E+01 0.0E+00     0 .00 INPN  +      +      =1.0OH    +1.0HO2   +1.0RCHO  +1.0NO2   
326 2.4E+01 0.0E+00     0 .00 PRPN  +      +      =1.0OH    +1.0HO2   +1.0RCHO  +1.0NO2   
327 2.4E+01 0.0E+00     0 .00 ETP   +      +      =1.0OH    +1.0HO2   +1.0ALD2  
328 2.4E+01 0.0E+00     0 .00 RA3P  +      +      =1.0OH    +1.0HO2   +1.0RCHO  
329 2.4E+01 0.0E+00     0 .00 RB3P  +      +      =1.0OH    +1.0HO2   +1.0ACET  
330 2.4E+01 0.0E+00     0 .00 R4P   +      +      =1.0OH    +1.0HO2   +1.0RCHO  
331 2.4E+01 0.0E+00     0 .00 PP    +      +      =1.0OH    +1.0HO2   +1.0ALD2  +1.0CH2O  
332 2.4E+01 0.0E+00     0 .00 RP    +      +      =1.0OH    +1.0HO2   +1.0ALD2  
333 2.4E+01 0.0E+00     0 .00 GP    +      +      =1.0OH    +1.0HO2   +1.0CH2O  
334 2.4E+01 0.0E+00     0 .00 GLP   +      +      =1.0OH    +1.0HO2   +1.0CO    
335 2.4E+01 0.0E+00     0 .00 RIP   +      +      =1.0OH    +1.0HO2   +0.6CH2O  +0.4MVK   +0.3MACR  +0.4IALD  
336 2.4E+01 0.0E+00     0 .00 IAP   +      +      =1.0OH    +1.0HO2   +0.7CO    +0.2H2    +0.4HAC   +0.3GLYC  +0.6MGLY  
337 2.4E+01 0.0E+00     0 .00 ISNP  +      +      =1.0OH    +1.0HO2   +1.0RCHO  +1.0NO2   
338 2.4E+01 0.0E+00     0 .00 VRP   +      +      =1.0OH    +0.3HO2   +0.3CH2O  +0.7MCO3  +0.7GLYC  +0.3MGLY  
339 2.4E+01 0.0E+00     0 .00 MRP   +      +      =1.0OH    +1.0HO2   +1.0HAC   +0.5CO    +0.5CH2O  
340 2.4E+01 0.0E+00     0 .00 MAOP  +      +      =1.0OH    +1.0CH2O  +1.0MCO3  
341 2.5E+01 0.0E+00     0 .00 R4N2  +      +      =1.0NO2   +0.3ACET  +0.2MEK   +0.2MO2   +0.3HO2   +0.3ALD2  +0.1RCHO  +0.1A3O2  +0.2B3O2  +0.3ETO2  
342 2.4E+01 0.0E+00     0 .00 MAP   +      +      =1.0OH    +1.0MO2   

Family  1 is POX   prod with  9 members
ind  species jnum  coef
 1   O3      60    1.0
 1   NO2     58    1.0
 1   NO3     59    2.0
 1   PAN     62    1.0
 1   PMN     63    1.0
 1   PPN     66    1.0
 1   HNO4    31    1.0
 1   N2O5    56    3.0
 1   HNO3    30    1.0

Family  2 is LOX   loss with  9 members
ind  species jnum  coef
 2   O3      60    1.0
 2   NO2     58    1.0
 2   NO3     59    2.0
 2   PAN     62    1.0
 2   PMN     63    1.0
 2   PPN     66    1.0
 2   HNO4    31    1.0
 2   N2O5    56    3.0
 2   HNO3    30    1.0

Family  3 is PCO   prod with  1 members
ind  species jnum  coef
 3   CO      10    1.0

Family  4 is LCO   loss with  1 members
ind  species jnum  coef
 4   CO      10    1.0

===============================================================================
Here are the prod and loss reactions
===============================================================================

Family POX   prod -- no of rxns is   66     coefficient
  1   6 OH    + OH    = H2O   + O3          1.000000E+00
  2  11 HO2   + NO    = OH    + NO2         1.000000E+00
  3  17 MO2   + NO    = CH2O  + HO2  + ...  1.000000E+00
  4  28 HNO3  + OH    = H2O   + NO3         1.000000E+00
  5  33 HNO2  + OH    = H2O   + NO2         1.000000E+00
  6  55 MCO3  + NO    = MO2   + NO2         1.000000E+00
  7  57 ETO2  + NO    = ALD2  + NO2  + ...  1.000000E+00
  8  62 A3O2  + NO    = NO2   + HO2  + ...  1.000000E+00
  9  63 PO2   + NO    = NO2   + HO2  + ...  1.000000E+00
 10  65 R4O2  + NO    = NO2   + ACET + ...  1.000000E+00
 11  69 R4N1  + NO    = NO2   + CH2O + ...  2.000000E+00
 12  70 ATO2  + NO    = NO2   + CH2O + ...  9.600000E-01
 13  71 KO2   + NO    = NO2   + ALD2 + ...  9.300000E-01
 14  72 RIO2  + NO    = NO2   + HO2  + ...  9.000000E-01
 15  73 RIO2  + NO    = HNO3  +             1.000000E+00
 16  75 RIO1  + NO    = NO2   + IALD + ...  1.000000E+00
 17  77 RIO1  + NO    = HNO3  +             1.000000E+00
 18  79 IAO2  + NO    = HO2   + CO   + ...  1.000000E+00
 19  80 ISN1  + NO    = NO2   + GLYC + ...  2.000000E+00
 20  81 VRO2  + NO    = NO2   + HO2  + ...  1.000000E+00
 21  83 VRO2  + NO    = HNO3  +             1.000000E+00
 22  85 MRO2  + NO    = NO2   + HO2  + ...  1.000000E+00
 23  87 MRO2  + NO    = HNO3  +             1.000000E+00
 24  89 MVN2  + NO    = NO2   + HO2  + ...  2.000000E+00
 25  90 MAN2  + NO    = NO2   + CH2O + ...  2.000000E+00
 26  91 B3O2  + NO    = NO2   + HO2  + ...  1.000000E+00
 27  92 INO2  + NO    = NO2   + HO2  + ...  2.000000E+00
 28  93 PRN1  + NO    = NO2   + CH2O + ...  2.000000E+00
 29 103 GPAN  +       = GCO3  + NO2         1.000000E+00
 30 109 GLPAN +       = GLCO3 + NO2         1.000000E+00
 31 110 RCO3  + NO    = NO2   + ETO2        1.000000E+00
 32 111 GCO3  + NO    = NO2   + HO2  + ...  1.000000E+00
 33 112 MAO3  + NO    = NO2   + CH2O + ...  1.000000E+00
 34 113 GLCO3 + NO    = NO2   + HO2  + ...  1.000000E+00
 35 138 R4N1  + MO2   = NO2   + CH2O + ...  1.000000E+00
 36 144 ISN1  + MO2   = NO2   + GLYC + ...  1.000000E+00
 37 147 MVN2  + MO2   = NO2   + CH2O + ...  1.000000E+00
 38 148 MAN2  + MO2   = NO2   + CH2O + ...  1.000000E+00
 39 150 INO2  + MO2   = NO2   + HO2  + ...  1.000000E+00
 40 151 PRN1  + MO2   = NO2   + CH2O + ...  1.000000E+00
 41 159 HO2   + MCO3  = ACTA  + O3   + ...  1.500000E-01
 42 160 RCO3  + HO2   = RCOOH + O3   + ...  3.000000E-01
 43 161 GCO3  + HO2   = CH2O  + O3   + ...  2.900000E-01
 44 162 MAO3  + HO2   = RCOOH + O3   + ...  3.000000E-01
 45 163 GLCO3 + HO2   = RCOOH + O3   + ...  3.000000E-01
 46 209 ISNP  + OH    = OH    + RCHO + ...  5.000000E-01
 47 215 MNO3  + OH    = CH2O  + NO2         1.000000E+00
 48 227 ISN1  + MCO3  = MO2   + NO2  + ...  1.000000E+00
 49 231 R4N1  + MCO3  = MO2   + NO2  + ...  1.000000E+00
 50 232 MVN2  + MCO3  = MO2   + NO2  + ...  1.000000E+00
 51 233 MAN2  + MCO3  = MO2   + NO2  + ...  1.000000E+00
 52 234 INO2  + MCO3  = MO2   + NO2  + ...  1.000000E+00
 53 235 PRN1  + MCO3  = MO2   + NO2  + ...  1.000000E+00
 54 244 R4N1  + MCO3  = RCHO  + ACTA + ...  1.000000E+00
 55 245 ISN1  + MCO3  = RCHO  + ACTA + ...  1.000000E+00
 56 246 MVN2  + MCO3  = RCHO  + ACTA + ...  1.000000E+00
 57 247 MAN2  + MCO3  = RCHO  + ACTA + ...  1.000000E+00
 58 248 INO2  + MCO3  = RCHO  + ACTA + ...  1.000000E+00
 59 249 PRN1  + MCO3  = RCHO  + ACTA + ...  1.000000E+00
 60 300 HNO4  +  hv   = OH    + NO3         1.000000E+00
 61 308 PAN   +  hv   = MCO3  + NO2  + ...  4.000000E-01
 62 313 MNO3  +  hv   = CH2O  + H2O  + ...  1.000000E+00
 63 325 INPN  +  hv   = OH    + HO2  + ...  1.000000E+00
 64 326 PRPN  +  hv   = OH    + HO2  + ...  1.000000E+00
 65 337 ISNP  +  hv   = OH    + HO2  + ...  1.000000E+00
 66 341 R4N2  +  hv   = NO2   + ACET + ...  1.000000E+00

Family LOX   loss -- no of rxns is   33     coefficient
  1   2 O3    + OH    = HO2   + O2         -1.000000E+00
  2   3 O3    + HO2   = OH    + O2   + ... -1.000000E+00
  3   5 O3    + MO2   = CH2O  + HO2  + ... -1.000000E+00
  4  39 HO2   + NO3   = OH    + NO2  + ... -1.000000E+00
  5  41 OH    + NO3   = HO2   + NO2        -1.000000E+00
  6  48 NO2   + NO3   = NO    + NO2  + ... -2.000000E+00
  7  49 NO3   + CH2O  = HNO3  + HO2  + ... -1.000000E+00
  8  51 ALD2  + NO3   = HNO3  + MCO3       -1.000000E+00
  9  94 ALK4  + NO3   = HNO3  + R4O2       -1.000000E+00
 10 101 GCO3  + NO2   = GPAN  +            -1.000000E+00
 11 107 GLCO3 + NO2   = GLPAN +            -1.000000E+00
 12 114 RCHO  + NO3   = HNO3  + RCO3       -1.000000E+00
 13 136 MEK   + NO3   = HNO3  + KO2        -1.000000E+00
 14 166 PRPE  + O3    = CH2O  + ALD2 + ... -1.000000E+00
 15 168 PMN   + O3    = NO2   + CH2O + ... -1.000000E+00
 16 170 PRPE  + NO3   = PRN1  +            -2.000000E+00
 17 173 GLYX  + NO3   = HNO3  + HO2  + ... -1.000000E+00
 18 174 MGLY  + NO3   = HNO3  + CO   + ... -1.000000E+00
 19 183 ISOP  + O3    = MACR  + MVK  + ... -9.000000E-01
 20 184 MVK   + O3    = MGLY  + CH2O + ... -8.000000E-01
 21 185 MACR  + O3    = MGLY  + CH2O + ... -8.000000E-01
 22 186 ISOP  + NO3   = INO2  +            -2.000000E+00
 23 187 MACR  + NO3   = MAN2  +            -2.000000E+00
 24 188 MACR  + NO3   = MAO3  + HNO3       -1.000000E+00
 25 214 C2H6  + NO3   = ETO2  + HNO3       -1.000000E+00
 26 217 IALD  + O3    = MGLY  + OH   + ... -7.000000E-01
 27 257 NO3   + NO3   = NO2   + O2         -2.000000E+00
 28 283 NO2   +       = HNO3  + HNO2       -5.000000E-01
 29 284 NO3   +       = HNO3  +            -1.000000E+00
 30 285 N2O5  +       = HNO3  +            -1.000000E+00
 31 289 DMS   + NO3   = SO2   + HNO3 + ... -1.000000E+00
 32 292 O3    +  hv   = OH    + OH         -1.000000E+00
 33 302 NO3   +  hv   = NO    + O2         -2.000000E+00

Family PCO   prod -- no of rxns is   39     coefficient
  1  25 CH2O  + OH    = CO    + HO2  + ...  1.000000E+00
  2  49 NO3   + CH2O  = HNO3  + HO2  + ...  1.000000E+00
  3  50 ALD2  + OH    = MCO3  + CH2O + ...  5.000000E-02
  4  79 IAO2  + NO    = HO2   + CO   + ...  6.100000E-01
  5 113 GLCO3 + NO    = NO2   + HO2  + ...  1.000000E+00
  6 143 IAO2  + MO2   = HO2   + CO   + ...  3.300000E-01
  7 146 MRO2  + MO2   = HAC   + CH2O + ...  1.500000E-01
  8 166 PRPE  + O3    = CH2O  + ALD2 + ...  4.200000E-01
  9 169 GLYC  + OH    = GCO3  + CO   + ...  4.000000E-01
 10 171 GLYX  + OH    = HO2   + CO          2.000000E+00
 11 172 MGLY  + OH    = MCO3  + CO          1.000000E+00
 12 173 GLYX  + NO3   = HNO3  + HO2  + ...  2.000000E+00
 13 174 MGLY  + NO3   = HNO3  + CO   + ...  1.000000E+00
 14 183 ISOP  + O3    = MACR  + MVK  + ...  5.000000E-02
 15 184 MVK   + O3    = MGLY  + CH2O + ...  5.000000E-02
 16 185 MACR  + O3    = MGLY  + CH2O + ...  2.000000E-01
 17 192 GLCO3 + MO2   = CH2O  + HO2  + ...  1.000000E+00
 18 206 GLP   + OH    = OH    + GLCO3+ ...  5.000000E-01
 19 217 IALD  + O3    = MGLY  + OH   + ...  4.000000E-01
 20 226 IAO2  + MCO3  = MO2   + HO2  + ...  6.500000E-01
 21 229 MRO2  + MCO3  = MO2   + HO2  + ...  8.300000E-01
 22 256 GLCO3 + MCO3  = MO2   + HO2  + ...  1.000000E+00
 23 296 CH2O  +  hv   = HO2   + HO2  + ...  1.000000E+00
 24 297 CH2O  +  hv   = H2    + CO          1.000000E+00
 25 306 ALD2  +  hv   = MO2   + HO2  + ...  1.000000E+00
 26 307 ALD2  +  hv   = CH4   + CO          1.000000E+00
 27 309 RCHO  +  hv   = ETO2  + HO2  + ...  1.000000E+00
 28 311 ACET  +  hv   = MO2   + CO          1.000000E+00
 29 314 GLYC  +  hv   = CH2O  + HO2  + ...  1.000000E+00
 30 315 GLYX  +  hv   = H2    + CO   + ...  1.500000E+00
 31 316 GLYX  +  hv   = CO    + HO2         2.000000E+00
 32 317 MGLY  +  hv   = MCO3  + CO   + ...  1.000000E+00
 33 318 MGLY  +  hv   = ALD2  + CO          1.000000E+00
 34 319 MVK   +  hv   = PRPE  + CO          1.000000E+00
 35 320 MVK   +  hv   = MCO3  + CH2O + ...  1.000000E+00
 36 323 MACR  +  hv   = CO    + HO2  + ...  1.000000E+00
 37 334 GLP   +  hv   = OH    + HO2  + ...  1.000000E+00
 38 336 IAP   +  hv   = OH    + HO2  + ...  6.700000E-01
 39 339 MRP   +  hv   = OH    + HO2  + ...  5.000000E-01

Family LCO   loss -- no of rxns is    1     coefficient
  1  15 CO    + OH    = HO2   +            -1.000000E+00
REPEAT REACTANTS:     1    7 OH             OH                           
REPEAT REACTANTS:     2   21 MO2            MO2                          
REPEAT REACTANTS:     3   24 MP             OH                           
REPEAT REACTANTS:     4   47 OH                                          
REPEAT REACTANTS:     5   60 C3H8           OH                           
REPEAT REACTANTS:     6   67 R4O2           NO                           
REPEAT REACTANTS:     7   73 RIO2           NO                           
REPEAT REACTANTS:     8   77 RIO1           NO                           
REPEAT REACTANTS:     9   83 VRO2           NO                           
REPEAT REACTANTS:    10   87 MRO2           NO                           
REPEAT REACTANTS:    11  116 ACET           OH                           
REPEAT REACTANTS:    12  153 OH                                          
REPEAT REACTANTS:    13  155 ETO2           ETO2                         
REPEAT REACTANTS:    14  188 MACR           NO3                          
REPEAT REACTANTS:    15  220 MCO3           MO2                          
REPEAT REACTANTS:    16  252 MCO3           ETO2                         
REPEAT REACTANTS:    17  287 DMS            OH                           
REPEAT REACTANTS:    18  297 CH2O                                        
REPEAT REACTANTS:    19  302 NO3                                         
REPEAT REACTANTS:    20  304 N2O5                                        
REPEAT REACTANTS:    21  307 ALD2                                        
REPEAT REACTANTS:    22  311 ACET                                        
REPEAT REACTANTS:    23  318 MGLY                                        
REPEAT REACTANTS:    24  320 MVK                                         
REPEAT REACTANTS:    25  323 MACR                                        
 
SPEC           NUMGT  NUMG  NUMLT NUML   NGT-NLT-NG+NL FRACGN NUMGFT
DRYCH2O            1     1     0     0          0      0.000    0
DRYH2O2            1     1     0     0          0      0.000    0
DRYHNO3            1     1     0     0          0      0.000    0
DRYN2O5            1     1     0     0          0      0.000    0
DRYNO2             1     1     0     0          0      0.000    0
DRYO3              1     1     0     0          0      0.000    0
DRYPAN             1     1     0     0          0      0.000    0
DRYPMN             1     1     0     0          0      0.000    0
DRYPPN             1     1     0     0          0      0.000    0
DRYR4N2            1     1     0     0          0      0.000    0
C3H8               1     1     2     2          0      0.000    0
SO4                1     1     0     0          0      0.000    0
MSA                0     0     0     0          0      0.250    1
LCO                1     1     0     0          0      0.000    0
C2H6               1     1     2     2          0      0.000    0
GPAN               1     1     1     1          0      0.000    0
H2O2               2     2     3     3          0      0.500    1
N2O5               1     1     5     5          0      0.000    0
PAN                1     1     3     3          0      0.000    0
PPN                1     1     2     2          0      0.000    0
DMS                0     0     3     3          0      0.000    0
ALK4               1     1     2     2          0      0.000    0
GP                 0     0     2     2          0      0.710    1
HNO2               1     1     2     2          0      0.500    1
HNO4               1     1     4     4          0      0.000    0
IAP                1     1     2     2          0      0.000    0
INPN               1     1     2     2          0      0.000    0
ISOP               1     1     3     3          0      0.000    0
MAOP               0     0     2     2          0      0.700    1
MAP                0     0     2     2          0      0.410    1
MP                 1     1     3     3          0      0.000    0
MRP                1     1     2     2          0      0.000    0
PP                 1     1     2     2          0      0.000    0
PRPN               1     1     2     2          0      0.000    0
R4P                1     1     2     2          0      0.000    0
RA3P               1     1     2     2          0      0.000    0
RB3P               1     1     2     2          0      0.000    0
RP                 0     0     2     2          0      0.700    1
VRP                1     1     2     2          0      0.000    0
SO2                2     2     1     1          0      0.750    1
ETP                1     1     2     2          0      0.000    0
MVN2               0     0     5     5          0      0.000    0
PMN                1     1     4     4          0      0.000    0
RIP                2     2     2     2          0      0.000    0
PRPE               2     2     3     3          0      0.070    1
RIO1               0     0     6     6          0      0.206    2
ISNP               3     3     2     2          0      0.000    0
MAN2               1     1     5     5          0      0.000    0
R4N1               1     1     5     5          0      0.000    0
ATO2               2     2     5     5          0      0.000    0
ISN1               0     0     5     5          0      0.500    1
MRO2               1     1     6     6          0      0.430    1
PO2                2     2     5     5          0      0.000    0
IAO2               1     1     5     5          0      0.440    1
R4N2               2     2     3     3          0      0.110    2
RIO2               1     1     6     6          0      0.491    1
VRO2               1     1     6     6          0      0.500    1
KO2                2     2     5     5          0      0.000    0
IALD               2     2     2     2          0      1.909    6
PRN1               2     2     5     5          0      0.000    0
INO2               2     2     5     5          0      0.000    0
ACET               5     5     4     4          0      2.370    7
MVK                0     0     5     5          0      1.599    8
R4O2               2     2     6     6          0      1.250    4
B3O2               1     1     5     5          0      1.130    5
A3O2               1     1     5     5          0      0.680    5
GCO3               2     2     6     6          0      0.800    1
MACR               0     0     6     6          0      1.544    8
RCO3               3     3     6     6          0      0.650    2
GLYC               1     1     2     2          0      5.720   12
MAO3               5     5     6     6          0      0.980    2
ETO2               6     6     9     9          0      2.470    6
MEK                9     9     3     3          0      2.170   10
HAC                4     4     2     2          0      5.310   12
O3                 5     5    13    13          0      2.140    9
ALD2              17    17     4     4          0      7.720   16
NO3                6     6    23    23          0      0.400    1
MGLY               4     4     4     4          0      8.220   18
PCO               26    26     0     0          0      7.310   16
RCHO              15    15     3     3          0      6.580   20
LOX               34    34     0     0          0      3.700    5
CO                28    28     1     1          0      6.310   16
HNO3              19    19     3     3          0      2.855    7
NO                 6     6    33    33          0      0.000    0
POX               62    62     0     0          0      5.030   10
MO2               40    39    35    34          0      1.925    8
MCO3              15    13    47    45          0      9.640   16
NO2               67    66    13    12          0     10.535   15
CH2O              44    44     5     5          0     32.122   57
OH                29    28    65    64          0      6.249   16
HO2               81    81    32    32          0     19.049   45
ROH                0     0     1     1          0      3.750   15
RCOOH              4     4     0     0          0      0.900    3
O2CH2OH            0     0     0     0          0      0.000    0
O2                15    15     0     0          0      0.000    0
O                  0     0     0     0          0      0.000    0
NH3                0     0     0     0          0      0.000    0
NH2                0     0     0     0          0      0.000    0
N2                 0     0     0     0          0      0.000    0
MOH                1     1     1     1          0      4.500   17
MNO3               0     0     2     2          0      0.000    0
M                  4     4     0     0          0      0.000    0
ISNO3              0     0     0     0          0      0.000    0
HCOOH              0     0     1     1          0      0.200    1
H2O               20    20     0     0          0      0.000    0
H2                 1     1     1     1          0      1.595    8
H                  0     0     0     0          0      0.000    0
GLYX               0     0     4     4          0      0.000    0
GLPAN              1     1     1     1          0      0.000    0
GLP                0     0     2     2          0      0.700    1
GLCO3              1     1     6     6          0      0.500    1
EOH                1     1     1     1          0      0.250    1
EMISSION           0     0    14    14          0      0.000    0
CH4                1     1     1     1          0      0.000    0
ACTA              19    19     1     1          0      0.150    1
OVERALL          670   665   536   531          0      0.000  429

CHANGE IN MOLES DUE TO URBAN          CHEMISTRY

# KINETIC REACTIONS:   260 PHOTORATES:    51 TOTAL:   311

PARAM    POSS MATRIX POINTS -- NONZEROS -- NCSP=   1
INITMAT          8281              963
FINMAT           8281             1163
DECOMP1        247065             3993
DECOMP2          4095              657
BACKSB1          4095              657
BACKSB2          4095              415


PARAM    POSS MATRIX POINTS -- NONZEROS -- NCSP=   4
INITMAT          8281              876
FINMAT           8281             1076
DECOMP1        247065             3536
DECOMP2          4095              577
BACKSB1          4095              577
BACKSB2          4095              408


===============================================================================
SETEMDEP: Emission & deposition species
===============================================================================

Tracer #   1 (NOx  ) has an emission rxn defined in "globchem.dat"
Tracer #   2 (Ox   ) has an emission rxn defined in "globchem.dat"
Tracer #   4 (CO   ) has an emission rxn defined in "globchem.dat"
Tracer #   5 (ALK4 ) has an emission rxn defined in "globchem.dat"
Tracer #   6 (ISOP ) has an emission rxn defined in "globchem.dat"
Tracer #   7 (HNO3 ) has an emission rxn defined in "globchem.dat"
Tracer #   9 (ACET ) has an emission rxn defined in "globchem.dat"
Tracer #  10 (MEK  ) has an emission rxn defined in "globchem.dat"
Tracer #  11 (ALD2 ) has an emission rxn defined in "globchem.dat"
Tracer #  18 (PRPE ) has an emission rxn defined in "globchem.dat"
Tracer #  19 (C3H8 ) has an emission rxn defined in "globchem.dat"
Tracer #  20 (CH2O ) has an emission rxn defined in "globchem.dat"
Tracer #  21 (C2H6 ) has an emission rxn defined in "globchem.dat"
Drydep species #   1 (NO2 ) has a drydep rxn defined in "globchem.dat"
Drydep species #   2 (O3  ) has a drydep rxn defined in "globchem.dat"
Drydep species #   3 (PAN ) has a drydep rxn defined in "globchem.dat"
Drydep species #   4 (HNO3) has a drydep rxn defined in "globchem.dat"
Drydep species #   5 (H2O2) has a drydep rxn defined in "globchem.dat"
Drydep species #   6 (PMN ) has a drydep rxn defined in "globchem.dat"
Drydep species #   7 (PPN ) has a drydep rxn defined in "globchem.dat"
Drydep species #   8 (R4N2) has a drydep rxn defined in "globchem.dat"
Drydep species #   9 (CH2O) has a drydep rxn defined in "globchem.dat"
Drydep species #  10 (N2O5) has a drydep rxn defined in "globchem.dat"
